<?xml version='1.0' encoding='UTF-8' ?>
<testsuite name="unitTests" tests="1" failures="1" errors="0" skipped="0" time="11.306" timestamp="2015-12-10T06:50:57" hostname="localhost">
  <properties>
    <property name="device" value="XT1060 - 4.4.4" />
    <property name="flavor" value="" />
    <property name="project" value="Tuber" />
  </properties>
  <testcase name="testRegisterNewUserWithNonUCSDEmail" classname="unitTests" time="11.266">
    <failure>java.lang.NullPointerException
at android.support.test.espresso.matcher.ViewMatchers$34.matchesSafely(ViewMatchers.java:1130)
at android.support.test.espresso.matcher.ViewMatchers$34.matchesSafely(ViewMatchers.java:1120)
at android.support.test.espresso.matcher.BoundedMatcher.matches(BoundedMatcher.java:73)
at android.support.test.espresso.matcher.ViewMatchers.assertThat(ViewMatchers.java:1002)
at android.support.test.espresso.assertion.ViewAssertions$2.check(ViewAssertions.java:89)
at android.support.test.espresso.ViewInteraction$2.run(ViewInteraction.java:170)
at java.util.concurrent.Executors$RunnableAdapter.call(Executors.java:422)
at java.util.concurrent.FutureTask.run(FutureTask.java:237)
at android.os.Handler.handleCallback(Handler.java:733)
at android.os.Handler.dispatchMessage(Handler.java:95)
at android.os.Looper.loop(Looper.java:136)
at android.app.ActivityThread.main(ActivityThread.java:5086)
at java.lang.reflect.Method.invokeNative(Native Method)
at java.lang.reflect.Method.invoke(Method.java:515)
at com.android.internal.os.ZygoteInit$MethodAndArgsCaller.run(ZygoteInit.java:785)
at com.android.internal.os.ZygoteInit.main(ZygoteInit.java:601)
at dalvik.system.NativeStart.main(Native Method)
</failure>
  </testcase>
</testsuite>